Arguments: 
  C:\Program Files\nodejs\node.exe C:\Program Files (x86)\Yarn\bin\yarn.js add react-native-paper -s

PATH: 
  C:\Users\yoon1\OneDrive\Code Files\CS639\cs639-react-native-2-yoon172\node_modules\.bin;C:\WINDOWS\system32;C:\WINDOWS;C:\WINDOWS\System32\Wbem;C:\WINDOWS\System32\WindowsPowerShell\v1.0\;C:\WINDOWS\System32\OpenSSH\;C:\Program Files\Git\cmd;C:\Program Files\dotnet\;C:\Program Files\Microsoft SQL Server\130\Tools\Binn\;C:\Program Files\Microsoft SQL Server\Client SDK\ODBC\170\Tools\Binn\;C:\Program Files (x86)\NVIDIA Corporation\PhysX\Common;C:\Program Files\NVIDIA Corporation\NVIDIA NvDLISR;C:\Program Files\nodejs\;C:\Program Files (x86)\Yarn\bin\;C:\Users\yoon1\AppData\Local\Microsoft\WindowsApps;;C:\Users\yoon1\AppData\Local\Programs\Microsoft VS Code\bin;C:\Users\yoon1\.dotnet\tools;C:\Users\yoon1\AppData\Local\Microsoft\WindowsApps;C:\Program Files\JetBrains\CLion 2019.2.4\bin;;C:\Program Files\JetBrains\WebStorm 2019.2.1\bin;;C:\Users\yoon1\AppData\Roaming\npm;C:\Users\yoon1\AppData\Local\Yarn\bin

Yarn version: 
  1.19.0

Node version: 
  10.16.3

Platform: 
  win32 x64

Trace: 
  Error: EPERM: operation not permitted, unlink 'C:\Users\yoon1\OneDrive\Code Files\CS639\cs639-react-native-2-yoon172\node_modules\braces\node_modules\extend-shallow'

npm manifest: 
  {
    "main": "node_modules/expo/AppEntry.js",
    "scripts": {
      "start": "expo start",
      "android": "expo start --android",
      "ios": "expo start --ios",
      "web": "expo start --web",
      "eject": "expo eject"
    },
    "dependencies": {
      "expo": "^35.0.0",
      "react": "16.8.3",
      "react-dom": "16.8.3",
      "react-native": "https://github.com/expo/react-native/archive/sdk-35.0.0.tar.gz",
      "react-native-base64": "0.0.2",
      "react-native-elements": "^1.2.7",
      "react-native-gesture-handler": "~1.3.0",
      "react-native-reanimated": "^1.4.0",
      "react-native-vector-icons": "^6.6.0",
      "react-native-web": "^0.11.7",
      "react-navigation": "^4.0.10",
      "react-navigation-drawer": "^2.3.3"
    },
    "devDependencies": {
      "babel-preset-expo": "^7.1.0",
      "react-navigation-stack": "^1.10.3",
      "react-navigation-tabs": "^2.5.6"
    },
    "private": true
  }

yarn manifest: 
  No manifest

Lockfile: 
  No lockfile
